stdio    D         file_stdio.c:109  file_stdio_fopen                 [   0.00000] opening D:\Game\allegro5.cfg r
system   D            wsystem.c:771  _al_win_safe_load_library        [   0.00000] PathFindOnPath found: C:\WINDOWS\system32\shcore.dll
system   D            wsystem.c:682  load_library_at_path             [   0.00000] Calling LoadLibrary C:\WINDOWS\system32\shcore.dll
system   I            wsystem.c:685  load_library_at_path             [   0.00000] Loaded C:\WINDOWS\system32\shcore.dll
system   I             system.c:257  al_install_system                [   0.00000] Allegro version: 5.2.2
system   D            wsystem.c:771  _al_win_safe_load_library        [   0.00038] PathFindOnPath found: C:\WINDOWS\system32\d3d9.dll
system   D            wsystem.c:682  load_library_at_path             [   0.00039] Calling LoadLibrary C:\WINDOWS\system32\d3d9.dll
system   I            wsystem.c:685  load_library_at_path             [   0.00467] Loaded C:\WINDOWS\system32\d3d9.dll
d3d      I         d3d_disp.cpp:674  d3d_init_display                 [   0.01534] Render-to-texture: 1
d3d      I         d3d_disp.cpp:1769 d3d_create_display_locked        [   0.01762] faux_fullscreen=0
d3d      D         d3d_disp.cpp:1770 d3d_create_display_locked        [   0.01764] al_display=00000000001AC1E0
d3d      D         d3d_disp.cpp:1771 d3d_create_display_locked        [   0.01765] al_display->vt=00000000001AC070
d3d      I d3d_display_formats.cpp:144  _al_d3d_generate_display_format_list [   0.02068] found 64 format combinations
display  D   display_settings.c:212  debug_display_settings           [   0.02071] color: 32 (rgba 8880), depth: 0, stencil: 0, acc: 0000, samples: 0/0
display  D   display_settings.c:527  _al_score_display_settings       [   0.02073] Score is : 897
display  D   display_settings.c:212  debug_display_settings           [   0.02074] color: 32 (rgba 8880), depth: 0, stencil: 0, acc: 0000, samples: 0/0
display  D   display_settings.c:527  _al_score_display_settings       [   0.02075] Score is : 897
display  D   display_settings.c:212  debug_display_settings           [   0.02076] color: 32 (rgba 8880), depth: 24, stencil: 8, acc: 0000, samples: 0/0
display  D   display_settings.c:527  _al_score_display_settings       [   0.02077] Score is : 897
display  D   display_settings.c:212  debug_display_settings           [   0.02078] color: 32 (rgba 8880), depth: 24, stencil: 8, acc: 0000, samples: 0/0
display  D   display_settings.c:527  _al_score_display_settings       [   0.02079] Score is : 897
display  D   display_settings.c:212  debug_display_settings           [   0.02080] color: 32 (rgba 8880), depth: 24, stencil: 0, acc: 0000, samples: 0/0
display  D   display_settings.c:527  _al_score_display_settings       [   0.02081] Score is : 897
display  D   display_settings.c:212  debug_display_settings           [   0.02082] color: 32 (rgba 8880), depth: 24, stencil: 0, acc: 0000, samples: 0/0
display  D   display_settings.c:527  _al_score_display_settings       [   0.02083] Score is : 897
display  D   display_settings.c:212  debug_display_settings           [   0.02084] color: 32 (rgba 8880), depth: 16, stencil: 0, acc: 0000, samples: 0/0
display  D   display_settings.c:527  _al_score_display_settings       [   0.02085] Score is : 897
display  D   display_settings.c:212  debug_display_settings           [   0.02086] color: 32 (rgba 8880), depth: 16, stencil: 0, acc: 0000, samples: 0/0
display  D   display_settings.c:527  _al_score_display_settings       [   0.02087] Score is : 897
display  D   display_settings.c:212  debug_display_settings           [   0.02088] color: 16 (rgba 5650), depth: 0, stencil: 0, acc: 0000, samples: 0/0
display  D   display_settings.c:527  _al_score_display_settings       [   0.02089] Score is : 897
display  D   display_settings.c:212  debug_display_settings           [   0.02089] color: 16 (rgba 5650), depth: 0, stencil: 0, acc: 0000, samples: 0/0
display  D   display_settings.c:527  _al_score_display_settings       [   0.02091] Score is : 897
display  D   display_settings.c:212  debug_display_settings           [   0.02091] color: 16 (rgba 5650), depth: 24, stencil: 8, acc: 0000, samples: 0/0
display  D   display_settings.c:527  _al_score_display_settings       [   0.02099] Score is : 897
display  D   display_settings.c:212  debug_display_settings           [   0.02101] color: 16 (rgba 5650), depth: 24, stencil: 8, acc: 0000, samples: 0/0
display  D   display_settings.c:527  _al_score_display_settings       [   0.02102] Score is : 897
display  D   display_settings.c:212  debug_display_settings           [   0.02103] color: 16 (rgba 5650), depth: 24, stencil: 0, acc: 0000, samples: 0/0
display  D   display_settings.c:527  _al_score_display_settings       [   0.02104] Score is : 897
display  D   display_settings.c:212  debug_display_settings           [   0.02105] color: 16 (rgba 5650), depth: 24, stencil: 0, acc: 0000, samples: 0/0
display  D   display_settings.c:527  _al_score_display_settings       [   0.02106] Score is : 897
display  D   display_settings.c:212  debug_display_settings           [   0.02107] color: 16 (rgba 5650), depth: 16, stencil: 0, acc: 0000, samples: 0/0
display  D   display_settings.c:527  _al_score_display_settings       [   0.02108] Score is : 897
display  D   display_settings.c:212  debug_display_settings           [   0.02109] color: 16 (rgba 5650), depth: 16, stencil: 0, acc: 0000, samples: 0/0
display  D   display_settings.c:527  _al_score_display_settings       [   0.02110] Score is : 897
display  D   display_settings.c:212  debug_display_settings           [   0.02111] color: 32 (rgba 8880), depth: 0, stencil: 0, acc: 0000, samples: 0/0
display  D   display_settings.c:398  _al_score_display_settings       [   0.02112] Single Buffer requirement not met.
display  D   display_settings.c:212  debug_display_settings           [   0.02113] color: 32 (rgba 8880), depth: 0, stencil: 0, acc: 0000, samples: 0/0
display  D   display_settings.c:398  _al_score_display_settings       [   0.02114] Single Buffer requirement not met.
display  D   display_settings.c:212  debug_display_settings           [   0.02115] color: 32 (rgba 8880), depth: 24, stencil: 8, acc: 0000, samples: 0/0
display  D   display_settings.c:398  _al_score_display_settings       [   0.02116] Single Buffer requirement not met.
display  D   display_settings.c:212  debug_display_settings           [   0.02117] color: 32 (rgba 8880), depth: 24, stencil: 8, acc: 0000, samples: 0/0
display  D   display_settings.c:398  _al_score_display_settings       [   0.02118] Single Buffer requirement not met.
display  D   display_settings.c:212  debug_display_settings           [   0.02119] color: 32 (rgba 8880), depth: 24, stencil: 0, acc: 0000, samples: 0/0
display  D   display_settings.c:398  _al_score_display_settings       [   0.02120] Single Buffer requirement not met.
display  D   display_settings.c:212  debug_display_settings           [   0.02121] color: 32 (rgba 8880), depth: 24, stencil: 0, acc: 0000, samples: 0/0
display  D   display_settings.c:398  _al_score_display_settings       [   0.02122] Single Buffer requirement not met.
display  D   display_settings.c:212  debug_display_settings           [   0.02122] color: 32 (rgba 8880), depth: 16, stencil: 0, acc: 0000, samples: 0/0
display  D   display_settings.c:398  _al_score_display_settings       [   0.02123] Single Buffer requirement not met.
display  D   display_settings.c:212  debug_display_settings           [   0.02124] color: 32 (rgba 8880), depth: 16, stencil: 0, acc: 0000, samples: 0/0
display  D   display_settings.c:398  _al_score_display_settings       [   0.02125] Single Buffer requirement not met.
display  D   display_settings.c:212  debug_display_settings           [   0.02126] color: 16 (rgba 5650), depth: 0, stencil: 0, acc: 0000, samples: 0/0
display  D   display_settings.c:398  _al_score_display_settings       [   0.02127] Single Buffer requirement not met.
display  D   display_settings.c:212  debug_display_settings           [   0.02128] color: 16 (rgba 5650), depth: 0, stencil: 0, acc: 0000, samples: 0/0
display  D   display_settings.c:398  _al_score_display_settings       [   0.02130] Single Buffer requirement not met.
display  D   display_settings.c:212  debug_display_settings           [   0.02131] color: 16 (rgba 5650), depth: 24, stencil: 8, acc: 0000, samples: 0/0
display  D   display_settings.c:398  _al_score_display_settings       [   0.02132] Single Buffer requirement not met.
display  D   display_settings.c:212  debug_display_settings           [   0.02133] color: 16 (rgba 5650), depth: 24, stencil: 8, acc: 0000, samples: 0/0
display  D   display_settings.c:398  _al_score_display_settings       [   0.02134] Single Buffer requirement not met.
display  D   display_settings.c:212  debug_display_settings           [   0.02135] color: 16 (rgba 5650), depth: 24, stencil: 0, acc: 0000, samples: 0/0
display  D   display_settings.c:398  _al_score_display_settings       [   0.02136] Single Buffer requirement not met.
display  D   display_settings.c:212  debug_display_settings           [   0.02137] color: 16 (rgba 5650), depth: 24, stencil: 0, acc: 0000, samples: 0/0
display  D   display_settings.c:398  _al_score_display_settings       [   0.02138] Single Buffer requirement not met.
display  D   display_settings.c:212  debug_display_settings           [   0.02139] color: 16 (rgba 5650), depth: 16, stencil: 0, acc: 0000, samples: 0/0
display  D   display_settings.c:398  _al_score_display_settings       [   0.02140] Single Buffer requirement not met.
display  D   display_settings.c:212  debug_display_settings           [   0.02140] color: 16 (rgba 5650), depth: 16, stencil: 0, acc: 0000, samples: 0/0
display  D   display_settings.c:398  _al_score_display_settings       [   0.02141] Single Buffer requirement not met.
display  D   display_settings.c:212  debug_display_settings           [   0.02142] color: 32 (rgba 8880), depth: 0, stencil: 0, acc: 0000, samples: 0/0
display  D   display_settings.c:527  _al_score_display_settings       [   0.02143] Score is : 769
display  D   display_settings.c:212  debug_display_settings           [   0.02144] color: 32 (rgba 8880), depth: 0, stencil: 0, acc: 0000, samples: 0/0
display  D   display_settings.c:527  _al_score_display_settings       [   0.02145] Score is : 769
display  D   display_settings.c:212  debug_display_settings           [   0.02146] color: 32 (rgba 8880), depth: 24, stencil: 8, acc: 0000, samples: 0/0
display  D   display_settings.c:527  _al_score_display_settings       [   0.02147] Score is : 769
display  D   display_settings.c:212  debug_display_settings           [   0.02148] color: 32 (rgba 8880), depth: 24, stencil: 8, acc: 0000, samples: 0/0
display  D   display_settings.c:527  _al_score_display_settings       [   0.02149] Score is : 769
display  D   display_settings.c:212  debug_display_settings           [   0.02150] color: 32 (rgba 8880), depth: 24, stencil: 0, acc: 0000, samples: 0/0
display  D   display_settings.c:527  _al_score_display_settings       [   0.02151] Score is : 769
display  D   display_settings.c:212  debug_display_settings           [   0.02152] color: 32 (rgba 8880), depth: 24, stencil: 0, acc: 0000, samples: 0/0
display  D   display_settings.c:527  _al_score_display_settings       [   0.02153] Score is : 769
display  D   display_settings.c:212  debug_display_settings           [   0.02155] color: 32 (rgba 8880), depth: 16, stencil: 0, acc: 0000, samples: 0/0
display  D   display_settings.c:527  _al_score_display_settings       [   0.02156] Score is : 769
display  D   display_settings.c:212  debug_display_settings           [   0.02157] color: 32 (rgba 8880), depth: 16, stencil: 0, acc: 0000, samples: 0/0
display  D   display_settings.c:527  _al_score_display_settings       [   0.02158] Score is : 769
display  D   display_settings.c:212  debug_display_settings           [   0.02159] color: 16 (rgba 5650), depth: 0, stencil: 0, acc: 0000, samples: 0/0
display  D   display_settings.c:527  _al_score_display_settings       [   0.02160] Score is : 769
display  D   display_settings.c:212  debug_display_settings           [   0.02165] color: 16 (rgba 5650), depth: 0, stencil: 0, acc: 0000, samples: 0/0
display  D   display_settings.c:527  _al_score_display_settings       [   0.02166] Score is : 769
display  D   display_settings.c:212  debug_display_settings           [   0.02168] color: 16 (rgba 5650), depth: 24, stencil: 8, acc: 0000, samples: 0/0
display  D   display_settings.c:527  _al_score_display_settings       [   0.02169] Score is : 769
display  D   display_settings.c:212  debug_display_settings           [   0.02172] color: 16 (rgba 5650), depth: 24, stencil: 8, acc: 0000, samples: 0/0
display  D   display_settings.c:527  _al_score_display_settings       [   0.02173] Score is : 769
display  D   display_settings.c:212  debug_display_settings           [   0.02174] color: 16 (rgba 5650), depth: 24, stencil: 0, acc: 0000, samples: 0/0
display  D   display_settings.c:527  _al_score_display_settings       [   0.02175] Score is : 769
display  D   display_settings.c:212  debug_display_settings           [   0.02176] color: 16 (rgba 5650), depth: 24, stencil: 0, acc: 0000, samples: 0/0
display  D   display_settings.c:527  _al_score_display_settings       [   0.02177] Score is : 769
display  D   display_settings.c:212  debug_display_settings           [   0.02178] color: 16 (rgba 5650), depth: 16, stencil: 0, acc: 0000, samples: 0/0
display  D   display_settings.c:527  _al_score_display_settings       [   0.02180] Score is : 769
display  D   display_settings.c:212  debug_display_settings           [   0.02181] color: 16 (rgba 5650), depth: 16, stencil: 0, acc: 0000, samples: 0/0
display  D   display_settings.c:527  _al_score_display_settings       [   0.02182] Score is : 769
display  D   display_settings.c:212  debug_display_settings           [   0.02183] color: 32 (rgba 8880), depth: 0, stencil: 0, acc: 0000, samples: 0/0
display  D   display_settings.c:398  _al_score_display_settings       [   0.02184] Single Buffer requirement not met.
display  D   display_settings.c:212  debug_display_settings           [   0.02185] color: 32 (rgba 8880), depth: 0, stencil: 0, acc: 0000, samples: 0/0
display  D   display_settings.c:398  _al_score_display_settings       [   0.02186] Single Buffer requirement not met.
display  D   display_settings.c:212  debug_display_settings           [   0.02187] color: 32 (rgba 8880), depth: 24, stencil: 8, acc: 0000, samples: 0/0
display  D   display_settings.c:398  _al_score_display_settings       [   0.02188] Single Buffer requirement not met.
display  D   display_settings.c:212  debug_display_settings           [   0.02189] color: 32 (rgba 8880), depth: 24, stencil: 8, acc: 0000, samples: 0/0
display  D   display_settings.c:398  _al_score_display_settings       [   0.02190] Single Buffer requirement not met.
display  D   display_settings.c:212  debug_display_settings           [   0.02192] color: 32 (rgba 8880), depth: 24, stencil: 0, acc: 0000, samples: 0/0
display  D   display_settings.c:398  _al_score_display_settings       [   0.02193] Single Buffer requirement not met.
display  D   display_settings.c:212  debug_display_settings           [   0.02194] color: 32 (rgba 8880), depth: 24, stencil: 0, acc: 0000, samples: 0/0
display  D   display_settings.c:398  _al_score_display_settings       [   0.02195] Single Buffer requirement not met.
display  D   display_settings.c:212  debug_display_settings           [   0.02196] color: 32 (rgba 8880), depth: 16, stencil: 0, acc: 0000, samples: 0/0
display  D   display_settings.c:398  _al_score_display_settings       [   0.02197] Single Buffer requirement not met.
display  D   display_settings.c:212  debug_display_settings           [   0.02198] color: 32 (rgba 8880), depth: 16, stencil: 0, acc: 0000, samples: 0/0
display  D   display_settings.c:398  _al_score_display_settings       [   0.02199] Single Buffer requirement not met.
display  D   display_settings.c:212  debug_display_settings           [   0.02200] color: 16 (rgba 5650), depth: 0, stencil: 0, acc: 0000, samples: 0/0
display  D   display_settings.c:398  _al_score_display_settings       [   0.02201] Single Buffer requirement not met.
display  D   display_settings.c:212  debug_display_settings           [   0.02206] color: 16 (rgba 5650), depth: 0, stencil: 0, acc: 0000, samples: 0/0
display  D   display_settings.c:398  _al_score_display_settings       [   0.02208] Single Buffer requirement not met.
display  D   display_settings.c:212  debug_display_settings           [   0.02209] color: 16 (rgba 5650), depth: 24, stencil: 8, acc: 0000, samples: 0/0
display  D   display_settings.c:398  _al_score_display_settings       [   0.02210] Single Buffer requirement not met.
display  D   display_settings.c:212  debug_display_settings           [   0.02211] color: 16 (rgba 5650), depth: 24, stencil: 8, acc: 0000, samples: 0/0
display  D   display_settings.c:398  _al_score_display_settings       [   0.02212] Single Buffer requirement not met.
display  D   display_settings.c:212  debug_display_settings           [   0.02213] color: 16 (rgba 5650), depth: 24, stencil: 0, acc: 0000, samples: 0/0
display  D   display_settings.c:398  _al_score_display_settings       [   0.02214] Single Buffer requirement not met.
display  D   display_settings.c:212  debug_display_settings           [   0.02215] color: 16 (rgba 5650), depth: 24, stencil: 0, acc: 0000, samples: 0/0
display  D   display_settings.c:398  _al_score_display_settings       [   0.02216] Single Buffer requirement not met.
display  D   display_settings.c:212  debug_display_settings           [   0.02217] color: 16 (rgba 5650), depth: 16, stencil: 0, acc: 0000, samples: 0/0
display  D   display_settings.c:398  _al_score_display_settings       [   0.02218] Single Buffer requirement not met.
display  D   display_settings.c:212  debug_display_settings           [   0.02219] color: 16 (rgba 5650), depth: 16, stencil: 0, acc: 0000, samples: 0/0
display  D   display_settings.c:398  _al_score_display_settings       [   0.02220] Single Buffer requirement not met.
d3d      D         d3d_disp.cpp:1669 d3d_create_display_internals     [   0.02222] Trying format 0.
d3d      I         d3d_disp.cpp:1344 d3d_display_thread_proc          [   0.02250] Chose a display format: 23
d3d      I         d3d_disp.cpp:1413 d3d_display_thread_proc          [   0.02253] Normal window.
d3d      I         d3d_disp.cpp:781  d3d_create_device                [   0.05158] Using no depth stencil buffer
d3d      D         d3d_disp.cpp:839  d3d_create_device                [   0.06732] BeginScene succeeded in create_device
d3d      D         d3d_disp.cpp:847  d3d_create_device                [   0.06736] Success
d3d      D         d3d_disp.cpp:1692 d3d_create_display_internals     [   0.06743] Resumed after wait.
d3d      I         d3d_disp.cpp:1725 d3d_create_display_internals     [   0.06747] Format 0 succeeded.
d3d      D         d3d_disp.cpp:1756 d3d_create_display_internals     [   0.06752] Returning d3d_display: 00000000001AC1E0
d3d      D         d3d_disp.cpp:1781 d3d_create_display_locked        [   0.06754] al_display=00000000001AC1E0
d3d      D         d3d_disp.cpp:1782 d3d_create_display_locked        [   0.06755] al_display->vt=00000000001AC070
system   W            wsystem.c:775  _al_win_safe_load_library        [   0.06980] PathFindOnPath failed to find d3dx9_43.dll
system   W            wsystem.c:775  _al_win_safe_load_library        [   0.07121] PathFindOnPath failed to find d3dx9_42.dll
system   W            wsystem.c:775  _al_win_safe_load_library        [   0.07263] PathFindOnPath failed to find d3dx9_41.dll
system   W            wsystem.c:775  _al_win_safe_load_library        [   0.07471] PathFindOnPath failed to find d3dx9_40.dll
system   W            wsystem.c:775  _al_win_safe_load_library        [   0.07625] PathFindOnPath failed to find d3dx9_39.dll
system   W            wsystem.c:775  _al_win_safe_load_library        [   0.07784] PathFindOnPath failed to find d3dx9_38.dll
system   W            wsystem.c:775  _al_win_safe_load_library        [   0.07934] PathFindOnPath failed to find d3dx9_37.dll
system   W            wsystem.c:775  _al_win_safe_load_library        [   0.08091] PathFindOnPath failed to find d3dx9_36.dll
system   W            wsystem.c:775  _al_win_safe_load_library        [   0.08246] PathFindOnPath failed to find d3dx9_35.dll
system   W            wsystem.c:775  _al_win_safe_load_library        [   0.08412] PathFindOnPath failed to find d3dx9_34.dll
system   W            wsystem.c:775  _al_win_safe_load_library        [   0.08580] PathFindOnPath failed to find d3dx9_33.dll
system   W            wsystem.c:775  _al_win_safe_load_library        [   0.08745] PathFindOnPath failed to find d3dx9_32.dll
system   W            wsystem.c:775  _al_win_safe_load_library        [   0.08926] PathFindOnPath failed to find d3dx9_31.dll
system   W            wsystem.c:775  _al_win_safe_load_library        [   0.09079] PathFindOnPath failed to find d3dx9_30.dll
system   W            wsystem.c:775  _al_win_safe_load_library        [   0.09215] PathFindOnPath failed to find d3dx9_29.dll
system   W            wsystem.c:775  _al_win_safe_load_library        [   0.09357] PathFindOnPath failed to find d3dx9_28.dll
system   W            wsystem.c:775  _al_win_safe_load_library        [   0.09507] PathFindOnPath failed to find d3dx9_27.dll
system   W            wsystem.c:775  _al_win_safe_load_library        [   0.09666] PathFindOnPath failed to find d3dx9_26.dll
system   W            wsystem.c:775  _al_win_safe_load_library        [   0.09819] PathFindOnPath failed to find d3dx9_25.dll
system   W            wsystem.c:775  _al_win_safe_load_library        [   0.09974] PathFindOnPath failed to find d3dx9_24.dll
d3dx9    E        d3d_d3dx9.cpp:121  _al_load_d3dx9_module            [   0.09978] Failed to load D3DX9 library. Library is not installed.dtor     D               dtor.c:196  _al_register_destructor          [   0.10012] added dtor for queue 00000000027265B0, func 0000000061AEBB3B
dtor     D               dtor.c:196  _al_register_destructor          [   0.10016] added dtor for timer 00000000027266D0, func 0000000061AFE5F1
stdio    D         file_stdio.c:109  file_stdio_fopen                 [   0.10020] opening arial.ttf rb
font     D                ttf.c:937  al_load_ttf_font_stretch_f       [   0.11857] Font arial.ttf loaded with pixel size 0 x 18.
font     D                ttf.c:939  al_load_ttf_font_stretch_f       [   0.11860]     ascent=16.0, descent=-4.0, height=21.0
dtor     D               dtor.c:196  _al_register_destructor          [   0.11863] added dtor for ttf_font 00000000027207A0, func 0000000061BDE050
d3d      D         d3d_disp.cpp:1188 real_choose_bitmap_format        [   0.15270] Fake format
d3d      D         d3d_disp.cpp:1188 real_choose_bitmap_format        [   0.15273] Fake format
d3d      D         d3d_disp.cpp:1188 real_choose_bitmap_format        [   0.15275] Fake format
d3d      D         d3d_disp.cpp:1188 real_choose_bitmap_format        [   0.15278] Fake format
d3d      D         d3d_disp.cpp:1188 real_choose_bitmap_format        [   0.15279] Fake format
d3d      D         d3d_disp.cpp:1188 real_choose_bitmap_format        [   0.15281] Fake format
d3d      D         d3d_disp.cpp:1188 real_choose_bitmap_format        [   0.15282] Fake format
d3d      D         d3d_disp.cpp:1188 real_choose_bitmap_format        [   0.15284] Fake format
d3d      D         d3d_disp.cpp:1188 real_choose_bitmap_format        [   0.15285] Fake format
d3d      D         d3d_disp.cpp:1196 real_choose_bitmap_format        [   0.15287] Alpha doesn't match
d3d      D         d3d_disp.cpp:1203 real_choose_bitmap_format        [   0.15289] Adapter format is 23
d3d      D         d3d_disp.cpp:1206 real_choose_bitmap_format        [   0.15290] Found a format
d3d      I         d3d_disp.cpp:2378 d3d_create_bitmap                [   0.15292] Chose bitmap format 9
font     D                ttf.c:238  alloc_glyph_region               [   0.15334] Glyph 60: 14x15 (16x16)
font     D                ttf.c:282  alloc_glyph_region               [   0.15336] Locking glyph region: 000000000273D8A0 0 0 16 16
font     D                ttf.c:166  unlock_current_page              [   0.15518] Unlocking page: 000000000273D8A0
font     D                ttf.c:238  alloc_glyph_region               [   0.15546] Glyph 82: 10x12 (12x12)
font     D                ttf.c:282  alloc_glyph_region               [   0.15548] Locking glyph region: 000000000273D8A0 16 0 12 12
font     D                ttf.c:166  unlock_current_page              [   0.15552] Unlocking page: 000000000273D8A0
font     D                ttf.c:238  alloc_glyph_region               [   0.15562] Glyph 88: 10x12 (12x12)
font     D                ttf.c:282  alloc_glyph_region               [   0.15564] Locking glyph region: 000000000273D8A0 28 0 12 12
font     D                ttf.c:166  unlock_current_page              [   0.15566] Unlocking page: 000000000273D8A0
font     D                ttf.c:440  cache_glyph                      [   0.15570] Glyph 3 has zero size.
font     D                ttf.c:238  alloc_glyph_region               [   0.15578] Glyph 75: 10x15 (12x16)
font     D                ttf.c:282  alloc_glyph_region               [   0.15579] Locking glyph region: 000000000273D8A0 40 0 12 16
font     D                ttf.c:166  unlock_current_page              [   0.15582] Unlocking page: 000000000273D8A0
font     D                ttf.c:238  alloc_glyph_region               [   0.15594] Glyph 68: 10x12 (12x12)
font     D                ttf.c:282  alloc_glyph_region               [   0.15595] Locking glyph region: 000000000273D8A0 52 0 12 12
font     D                ttf.c:166  unlock_current_page              [   0.15598] Unlocking page: 000000000273D8A0
font     D                ttf.c:238  alloc_glyph_region               [   0.15611] Glyph 89: 13x12 (16x12)
font     D                ttf.c:282  alloc_glyph_region               [   0.15613] Locking glyph region: 000000000273D8A0 64 0 16 12
font     D                ttf.c:166  unlock_current_page              [   0.15618] Unlocking page: 000000000273D8A0
font     D                ttf.c:238  alloc_glyph_region               [   0.15641] Glyph 72: 10x12 (12x12)
font     D                ttf.c:282  alloc_glyph_region               [   0.15645] Locking glyph region: 000000000273D8A0 80 0 12 12
font     D                ttf.c:166  unlock_current_page              [   0.15655] Unlocking page: 000000000273D8A0
font     D                ttf.c:238  alloc_glyph_region               [   0.15678] Glyph 24: 10x15 (12x16)
font     D                ttf.c:282  alloc_glyph_region               [   0.15681] Locking glyph region: 000000000273D8A0 92 0 12 16
font     D                ttf.c:166  unlock_current_page              [   0.15687] Unlocking page: 000000000273D8A0
font     D                ttf.c:238  alloc_glyph_region               [   0.15698] Glyph 79: 4x15 (4x16)
font     D                ttf.c:282  alloc_glyph_region               [   0.15701] Locking glyph region: 000000000273D8A0 104 0 4 16
font     D                ttf.c:166  unlock_current_page              [   0.15706] Unlocking page: 000000000273D8A0
font     D                ttf.c:238  alloc_glyph_region               [   0.15717] Glyph 76: 4x15 (4x16)
font     D                ttf.c:282  alloc_glyph_region               [   0.15720] Locking glyph region: 000000000273D8A0 108 0 4 16
font     D                ttf.c:166  unlock_current_page              [   0.15724] Unlocking page: 000000000273D8A0
font     D                ttf.c:238  alloc_glyph_region               [   0.15756] Glyph 86: 9x12 (12x12)
font     D                ttf.c:282  alloc_glyph_region               [   0.15759] Locking glyph region: 000000000273D8A0 112 0 12 12
font     D                ttf.c:166  unlock_current_page              [   0.15764] Unlocking page: 000000000273D8A0
font     D                ttf.c:238  alloc_glyph_region               [   0.15778] Glyph 73: 8x15 (8x16)
font     D                ttf.c:282  alloc_glyph_region               [   0.15781] Locking glyph region: 000000000273D8A0 124 0 8 16
font     D                ttf.c:166  unlock_current_page              [   0.15783] Unlocking page: 000000000273D8A0
font     D                ttf.c:238  alloc_glyph_region               [   0.15790] Glyph 87: 6x16 (8x16)
font     D                ttf.c:282  alloc_glyph_region               [   0.15792] Locking glyph region: 000000000273D8A0 132 0 8 16
font     D                ttf.c:166  unlock_current_page              [   0.15795] Unlocking page: 000000000273D8A0
font     D                ttf.c:238  alloc_glyph_region               [   0.15808] Glyph 17: 4x4 (4x4)
font     D                ttf.c:282  alloc_glyph_region               [   0.15810] Locking glyph region: 000000000273D8A0 140 0 4 4
font     D                ttf.c:166  unlock_current_page              [   0.15812] Unlocking page: 000000000273D8A0
font     D                ttf.c:238  alloc_glyph_region               [   0.15822] Glyph 54: 12x15 (12x16)
font     D                ttf.c:282  alloc_glyph_region               [   0.15823] Locking glyph region: 000000000273D8A0 144 0 12 16
font     D                ttf.c:166  unlock_current_page              [   0.15825] Unlocking page: 000000000273D8A0
font     D                ttf.c:238  alloc_glyph_region               [   0.15832] Glyph 70: 10x12 (12x12)
font     D                ttf.c:282  alloc_glyph_region               [   0.15833] Locking glyph region: 000000000273D8A0 156 0 12 12
font     D                ttf.c:166  unlock_current_page              [   0.15835] Unlocking page: 000000000273D8A0
font     D                ttf.c:238  alloc_glyph_region               [   0.15842] Glyph 85: 7x12 (8x12)
font     D                ttf.c:282  alloc_glyph_region               [   0.15844] Locking glyph region: 000000000273D8A0 168 0 8 12
font     D                ttf.c:166  unlock_current_page              [   0.15846] Unlocking page: 000000000273D8A0
font     D                ttf.c:238  alloc_glyph_region               [   0.15852] Glyph 32: 11x8 (12x8)
font     D                ttf.c:282  alloc_glyph_region               [   0.15853] Locking glyph region: 000000000273D8A0 176 0 12 8
font     D                ttf.c:166  unlock_current_page              [   0.15855] Unlocking page: 000000000273D8A0
font     D                ttf.c:238  alloc_glyph_region               [   0.15862] Glyph 19: 11x15 (12x16)
font     D                ttf.c:282  alloc_glyph_region               [   0.15863] Locking glyph region: 000000000273D8A0 188 0 12 16
font     D                ttf.c:166  unlock_current_page              [   0.15865] Unlocking page: 000000000273D8A0
d3d      D          d3d_bmp.cpp:539  _al_d3d_sync_bitmap              [   0.16212] _al_d3d_sync_bitmap (system) ref count == 1
d3d      D          d3d_bmp.cpp:545  _al_d3d_sync_bitmap              [   0.16222] _al_d3d_sync_bitmap (video) ref count == 1
font     D                ttf.c:238  alloc_glyph_region               [   1.38608] Glyph 20: 7x15 (8x16)
font     D                ttf.c:282  alloc_glyph_region               [   1.38610] Locking glyph region: 000000000273D8A0 200 0 8 16
font     D                ttf.c:166  unlock_current_page              [   1.38613] Unlocking page: 000000000273D8A0
d3d      D          d3d_bmp.cpp:539  _al_d3d_sync_bitmap              [   1.38723] _al_d3d_sync_bitmap (system) ref count == 1
d3d      D          d3d_bmp.cpp:545  _al_d3d_sync_bitmap              [   1.38732] _al_d3d_sync_bitmap (video) ref count == 1
font     D                ttf.c:238  alloc_glyph_region               [   2.63673] Glyph 21: 11x15 (12x16)
font     D                ttf.c:282  alloc_glyph_region               [   2.63676] Locking glyph region: 000000000273D8A0 208 0 12 16
font     D                ttf.c:166  unlock_current_page              [   2.63679] Unlocking page: 000000000273D8A0
d3d      D          d3d_bmp.cpp:539  _al_d3d_sync_bitmap              [   2.63760] _al_d3d_sync_bitmap (system) ref count == 1
d3d      D          d3d_bmp.cpp:545  _al_d3d_sync_bitmap              [   2.63771] _al_d3d_sync_bitmap (video) ref count == 1
font     D                ttf.c:238  alloc_glyph_region               [   3.30291] Glyph 22: 10x15 (12x16)
font     D                ttf.c:282  alloc_glyph_region               [   3.30294] Locking glyph region: 000000000273D8A0 220 0 12 16
font     D                ttf.c:166  unlock_current_page              [   3.30297] Unlocking page: 000000000273D8A0
d3d      D          d3d_bmp.cpp:539  _al_d3d_sync_bitmap              [   3.30370] _al_d3d_sync_bitmap (system) ref count == 1
d3d      D          d3d_bmp.cpp:545  _al_d3d_sync_bitmap              [   3.30376] _al_d3d_sync_bitmap (video) ref count == 1
font     D                ttf.c:238  alloc_glyph_region               [   3.38594] Glyph 23: 11x15 (12x16)
font     D                ttf.c:282  alloc_glyph_region               [   3.38597] Locking glyph region: 000000000273D8A0 232 0 12 16
font     D                ttf.c:166  unlock_current_page              [   3.38600] Unlocking page: 000000000273D8A0
d3d      D          d3d_bmp.cpp:539  _al_d3d_sync_bitmap              [   3.38664] _al_d3d_sync_bitmap (system) ref count == 1
d3d      D          d3d_bmp.cpp:545  _al_d3d_sync_bitmap              [   3.38670] _al_d3d_sync_bitmap (video) ref count == 1
font     D                ttf.c:238  alloc_glyph_region               [   5.30260] Glyph 25: 10x15 (12x16)
font     D                ttf.c:282  alloc_glyph_region               [   5.30264] Locking glyph region: 000000000273D8A0 244 0 12 16
font     D                ttf.c:166  unlock_current_page              [   5.30267] Unlocking page: 000000000273D8A0
d3d      D          d3d_bmp.cpp:539  _al_d3d_sync_bitmap              [   5.30371] _al_d3d_sync_bitmap (system) ref count == 1
d3d      D          d3d_bmp.cpp:545  _al_d3d_sync_bitmap              [   5.30376] _al_d3d_sync_bitmap (video) ref count == 1
font     D                ttf.c:238  alloc_glyph_region               [   6.85262] Glyph 26: 10x15 (12x16)
font     D                ttf.c:282  alloc_glyph_region               [   6.85265] Locking glyph region: 000000000273D8A0 0 16 12 16
font     D                ttf.c:166  unlock_current_page              [   6.85270] Unlocking page: 000000000273D8A0
d3d      D          d3d_bmp.cpp:539  _al_d3d_sync_bitmap              [   6.85321] _al_d3d_sync_bitmap (system) ref count == 1
d3d      D          d3d_bmp.cpp:545  _al_d3d_sync_bitmap              [   6.85325] _al_d3d_sync_bitmap (video) ref count == 1
font     D                ttf.c:238  alloc_glyph_region               [   7.00343] Glyph 27: 10x15 (12x16)
font     D                ttf.c:282  alloc_glyph_region               [   7.00346] Locking glyph region: 000000000273D8A0 12 16 12 16
font     D                ttf.c:166  unlock_current_page              [   7.00350] Unlocking page: 000000000273D8A0
d3d      D          d3d_bmp.cpp:539  _al_d3d_sync_bitmap              [   7.00469] _al_d3d_sync_bitmap (system) ref count == 1
d3d      D          d3d_bmp.cpp:545  _al_d3d_sync_bitmap              [   7.00489] _al_d3d_sync_bitmap (video) ref count == 1
font     D                ttf.c:238  alloc_glyph_region               [   7.21931] Glyph 28: 10x15 (12x16)
font     D                ttf.c:282  alloc_glyph_region               [   7.21933] Locking glyph region: 000000000273D8A0 24 16 12 16
font     D                ttf.c:166  unlock_current_page              [   7.21939] Unlocking page: 000000000273D8A0
d3d      D          d3d_bmp.cpp:539  _al_d3d_sync_bitmap              [   7.21990] _al_d3d_sync_bitmap (system) ref count == 1
d3d      D          d3d_bmp.cpp:545  _al_d3d_sync_bitmap              [   7.21994] _al_d3d_sync_bitmap (video) ref count == 1
font     D                ttf.c:238  alloc_glyph_region               [  29.13703] Glyph 42: 14x15 (16x16)
font     D                ttf.c:282  alloc_glyph_region               [  29.13706] Locking glyph region: 000000000273D8A0 36 16 16 16
font     D                ttf.c:166  unlock_current_page              [  29.13709] Unlocking page: 000000000273D8A0
font     D                ttf.c:238  alloc_glyph_region               [  29.13720] Glyph 80: 14x12 (16x12)
font     D                ttf.c:282  alloc_glyph_region               [  29.13723] Locking glyph region: 000000000273D8A0 52 16 16 12
font     D                ttf.c:166  unlock_current_page              [  29.13732] Unlocking page: 000000000273D8A0
font     D                ttf.c:238  alloc_glyph_region               [  29.13741] Glyph 50: 14x15 (16x16)
font     D                ttf.c:282  alloc_glyph_region               [  29.13742] Locking glyph region: 000000000273D8A0 68 16 16 16
font     D                ttf.c:166  unlock_current_page              [  29.13745] Unlocking page: 000000000273D8A0
font     D                ttf.c:238  alloc_glyph_region               [  29.13751] Glyph 41: 11x15 (12x16)
font     D                ttf.c:282  alloc_glyph_region               [  29.13752] Locking glyph region: 000000000273D8A0 84 16 12 16
font     D                ttf.c:166  unlock_current_page              [  29.13755] Unlocking page: 000000000273D8A0
font     D                ttf.c:238  alloc_glyph_region               [  29.13763] Glyph 81: 10x12 (12x12)
font     D                ttf.c:282  alloc_glyph_region               [  29.13764] Locking glyph region: 000000000273D8A0 96 16 12 12
font     D                ttf.c:166  unlock_current_page              [  29.13766] Unlocking page: 000000000273D8A0
font     D                ttf.c:238  alloc_glyph_region               [  29.13772] Glyph 29: 4x12 (4x12)
font     D                ttf.c:282  alloc_glyph_region               [  29.13773] Locking glyph region: 000000000273D8A0 108 16 4 12
font     D                ttf.c:166  unlock_current_page              [  29.13775] Unlocking page: 000000000273D8A0
d3d      D          d3d_bmp.cpp:539  _al_d3d_sync_bitmap              [  29.13826] _al_d3d_sync_bitmap (system) ref count == 1
d3d      D          d3d_bmp.cpp:545  _al_d3d_sync_bitmap              [  29.13829] _al_d3d_sync_bitmap (video) ref count == 1
d3d      I         d3d_disp.cpp:901  d3d_destroy_display              [  31.63642] destroying display 00000000001AC1E0 (current 0000000000000000)
bitmap   D        bitmap_type.c:308  _al_convert_to_memory_bitmap     [  31.63917] converting display bitmap 000000000273D8A0 to memory bitmap
dtor     D               dtor.c:196  _al_register_destructor          [  31.63923] added dtor for bitmap 000000000277F320, func 0000000061AC1C43
d3d      D          d3d_bmp.cpp:539  _al_d3d_sync_bitmap              [  31.63926] _al_d3d_sync_bitmap (system) ref count == 1
d3d      D          d3d_bmp.cpp:545  _al_d3d_sync_bitmap              [  31.63927] _al_d3d_sync_bitmap (video) ref count == 1
dtor     D               dtor.c:227  _al_unregister_destructor        [  31.63993] removed dtor for bitmap 000000000277F320
d3d      D         d3d_disp.cpp:885  d3d_destroy_display_internals    [  31.64149] waiting for display 00000000001AC1E0's thread to end
d3d      W         d3d_disp.cpp:595  d3d_destroy_device               [  31.64929] d3d_destroy_device: ref count not 0
d3d      W         d3d_disp.cpp:595  d3d_destroy_device               [  31.64941] d3d_destroy_device: ref count not 0
d3d      I         d3d_disp.cpp:1549 d3d_display_thread_proc          [  31.66278] d3d display thread exits
dtor     D               dtor.c:116  _al_run_destructors              [  31.66294] calling dtor for ttf_font 00000000027207A0, func 0000000061BDE050
dtor     D               dtor.c:227  _al_unregister_destructor        [  31.66297] removed dtor for ttf_font 00000000027207A0
dtor     D               dtor.c:116  _al_run_destructors              [  31.66402] calling dtor for timer 00000000027266D0, func 0000000061AFE5F1
dtor     D               dtor.c:227  _al_unregister_destructor        [  31.66406] removed dtor for timer 00000000027266D0
dtor     D               dtor.c:116  _al_run_destructors              [  31.66411] calling dtor for queue 00000000027265B0, func 0000000061AEBB3B
dtor     D               dtor.c:227  _al_unregister_destructor        [  31.66413] removed dtor for queue 00000000027265B0
